{"C:\\Users\\op902\\Perez_IndividualAssignment\\vitest.setup.ts": {"path":"C:\\Users\\op902\\Perez_IndividualAssignment\\vitest.setup.ts","all":true,"statementMap":{"1":{"start":{"line":2,"column":0},"end":{"line":2,"column":32}}},"s":{"1":0},"branchMap":{"0":{"type":"branch","line":1,"loc":{"start":{"line":1,"column":20},"end":{"line":2,"column":32}},"locations":[{"start":{"line":1,"column":20},"end":{"line":2,"column":32}}]}},"b":{"0":[1]},"fnMap":{"0":{"name":"(empty-report)","decl":{"start":{"line":1,"column":20},"end":{"line":2,"column":32}},"loc":{"start":{"line":1,"column":20},"end":{"line":2,"column":32}},"line":1}},"f":{"0":1}}
,"C:\\Users\\op902\\Perez_IndividualAssignment\\src\\App.tsx": {"path":"C:\\Users\\op902\\Perez_IndividualAssignment\\src\\App.tsx","all":true,"statementMap":{"0":{"start":{"line":1,"column":0},"end":{"line":1,"column":8}},"7":{"start":{"line":8,"column":0},"end":{"line":8,"column":18}},"8":{"start":{"line":9,"column":0},"end":{"line":9,"column":48}},"9":{"start":{"line":10,"column":0},"end":{"line":10,"column":46}},"11":{"start":{"line":12,"column":0},"end":{"line":12,"column":33}},"14":{"start":{"line":15,"column":0},"end":{"line":15,"column":38}},"15":{"start":{"line":16,"column":0},"end":{"line":16,"column":27}},"16":{"start":{"line":17,"column":0},"end":{"line":17,"column":27}},"17":{"start":{"line":18,"column":0},"end":{"line":18,"column":2}},"18":{"start":{"line":19,"column":0},"end":{"line":19,"column":30}},"19":{"start":{"line":20,"column":0},"end":{"line":20,"column":117}},"20":{"start":{"line":21,"column":0},"end":{"line":21,"column":118}},"21":{"start":{"line":22,"column":0},"end":{"line":22,"column":99}},"22":{"start":{"line":23,"column":0},"end":{"line":23,"column":67}},"23":{"start":{"line":24,"column":0},"end":{"line":24,"column":2}},"24":{"start":{"line":25,"column":0},"end":{"line":25,"column":48}},"25":{"start":{"line":26,"column":0},"end":{"line":26,"column":82}},"26":{"start":{"line":27,"column":0},"end":{"line":27,"column":2}},"28":{"start":{"line":29,"column":0},"end":{"line":29,"column":16}},"29":{"start":{"line":30,"column":0},"end":{"line":30,"column":75}},"30":{"start":{"line":31,"column":0},"end":{"line":31,"column":59}},"31":{"start":{"line":32,"column":0},"end":{"line":32,"column":95}},"33":{"start":{"line":34,"column":0},"end":{"line":34,"column":10}},"34":{"start":{"line":35,"column":0},"end":{"line":35,"column":12}},"35":{"start":{"line":36,"column":0},"end":{"line":36,"column":14}},"36":{"start":{"line":37,"column":0},"end":{"line":37,"column":63}},"37":{"start":{"line":38,"column":0},"end":{"line":38,"column":54}},"38":{"start":{"line":39,"column":0},"end":{"line":39,"column":31}},"39":{"start":{"line":40,"column":0},"end":{"line":40,"column":23}},"40":{"start":{"line":41,"column":0},"end":{"line":41,"column":29}},"41":{"start":{"line":42,"column":0},"end":{"line":42,"column":41}},"42":{"start":{"line":43,"column":0},"end":{"line":43,"column":47}},"43":{"start":{"line":44,"column":0},"end":{"line":44,"column":14}},"44":{"start":{"line":45,"column":0},"end":{"line":45,"column":52}},"45":{"start":{"line":46,"column":0},"end":{"line":46,"column":31}},"46":{"start":{"line":47,"column":0},"end":{"line":47,"column":37}},"47":{"start":{"line":48,"column":0},"end":{"line":48,"column":23}},"48":{"start":{"line":49,"column":0},"end":{"line":49,"column":29}},"49":{"start":{"line":50,"column":0},"end":{"line":50,"column":41}},"50":{"start":{"line":51,"column":0},"end":{"line":51,"column":47}},"51":{"start":{"line":52,"column":0},"end":{"line":52,"column":14}},"52":{"start":{"line":53,"column":0},"end":{"line":53,"column":15}},"53":{"start":{"line":54,"column":0},"end":{"line":54,"column":13}},"55":{"start":{"line":56,"column":0},"end":{"line":56,"column":1}},"57":{"start":{"line":58,"column":0},"end":{"line":58,"column":19}}},"s":{"0":0,"7":0,"8":0,"9":0,"11":0,"14":0,"15":0,"16":0,"17":0,"18":0,"19":0,"20":0,"21":0,"22":0,"23":0,"24":0,"25":0,"26":0,"28":0,"29":0,"30":0,"31":0,"33":0,"34":0,"35":0,"36":0,"37":0,"38":0,"39":0,"40":0,"41":0,"42":0,"43":0,"44":0,"45":0,"46":0,"47":0,"48":0,"49":0,"50":0,"51":0,"52":0,"53":0,"55":0,"57":0},"branchMap":{"0":{"type":"branch","line":1,"loc":{"start":{"line":1,"column":1987},"end":{"line":58,"column":19}},"locations":[{"start":{"line":1,"column":1987},"end":{"line":58,"column":19}}]}},"b":{"0":[0]},"fnMap":{"0":{"name":"(empty-report)","decl":{"start":{"line":1,"column":1987},"end":{"line":58,"column":19}},"loc":{"start":{"line":1,"column":1987},"end":{"line":58,"column":19}},"line":1}},"f":{"0":0}}
,"C:\\Users\\op902\\Perez_IndividualAssignment\\src\\main.tsx": {"path":"C:\\Users\\op902\\Perez_IndividualAssignment\\src\\main.tsx","all":true,"statementMap":{"0":{"start":{"line":1,"column":0},"end":{"line":1,"column":34}},"1":{"start":{"line":2,"column":0},"end":{"line":2,"column":45}},"2":{"start":{"line":3,"column":0},"end":{"line":3,"column":20}},"3":{"start":{"line":4,"column":0},"end":{"line":4,"column":27}},"5":{"start":{"line":6,"column":0},"end":{"line":6,"column":52}},"6":{"start":{"line":7,"column":0},"end":{"line":7,"column":14}},"7":{"start":{"line":8,"column":0},"end":{"line":8,"column":11}},"8":{"start":{"line":9,"column":0},"end":{"line":9,"column":16}},"9":{"start":{"line":10,"column":0},"end":{"line":10,"column":1}}},"s":{"0":0,"1":0,"2":0,"3":0,"5":0,"6":0,"7":0,"8":0,"9":0},"branchMap":{"0":{"type":"branch","line":1,"loc":{"start":{"line":1,"column":203},"end":{"line":10,"column":-148}},"locations":[{"start":{"line":1,"column":203},"end":{"line":10,"column":-148}}]}},"b":{"0":[0]},"fnMap":{"0":{"name":"(empty-report)","decl":{"start":{"line":1,"column":203},"end":{"line":10,"column":-148}},"loc":{"start":{"line":1,"column":203},"end":{"line":10,"column":-148}},"line":1}},"f":{"0":0}}
,"C:\\Users\\op902\\Perez_IndividualAssignment\\src\\pages\\EngineerPage.tsx": {"path":"C:\\Users\\op902\\Perez_IndividualAssignment\\src\\pages\\EngineerPage.tsx","all":false,"statementMap":{"0":{"start":{"line":1,"column":0},"end":{"line":1,"column":33}},"1":{"start":{"line":2,"column":0},"end":{"line":2,"column":47}},"14":{"start":{"line":15,"column":0},"end":{"line":15,"column":23}},"15":{"start":{"line":16,"column":0},"end":{"line":16,"column":12}},"16":{"start":{"line":17,"column":0},"end":{"line":17,"column":8}},"17":{"start":{"line":18,"column":0},"end":{"line":18,"column":11}},"18":{"start":{"line":19,"column":0},"end":{"line":19,"column":17}},"19":{"start":{"line":20,"column":0},"end":{"line":20,"column":20}},"20":{"start":{"line":21,"column":0},"end":{"line":21,"column":23}},"21":{"start":{"line":22,"column":0},"end":{"line":22,"column":80}},"22":{"start":{"line":23,"column":0},"end":{"line":23,"column":114}},"23":{"start":{"line":24,"column":0},"end":{"line":24,"column":33}},"25":{"start":{"line":26,"column":0},"end":{"line":26,"column":85}},"27":{"start":{"line":28,"column":0},"end":{"line":28,"column":71}},"28":{"start":{"line":29,"column":0},"end":{"line":29,"column":66}},"29":{"start":{"line":30,"column":0},"end":{"line":30,"column":4}},"31":{"start":{"line":32,"column":0},"end":{"line":32,"column":46}},"32":{"start":{"line":33,"column":0},"end":{"line":33,"column":46}},"33":{"start":{"line":34,"column":0},"end":{"line":34,"column":39}},"34":{"start":{"line":35,"column":0},"end":{"line":35,"column":58}},"35":{"start":{"line":36,"column":0},"end":{"line":36,"column":25}},"36":{"start":{"line":37,"column":0},"end":{"line":37,"column":26}},"37":{"start":{"line":38,"column":0},"end":{"line":38,"column":9}},"38":{"start":{"line":39,"column":0},"end":{"line":39,"column":26}},"39":{"start":{"line":40,"column":0},"end":{"line":40,"column":62}},"40":{"start":{"line":41,"column":0},"end":{"line":41,"column":44}},"41":{"start":{"line":42,"column":0},"end":{"line":42,"column":21}},"42":{"start":{"line":43,"column":0},"end":{"line":43,"column":10}},"43":{"start":{"line":44,"column":0},"end":{"line":44,"column":9}},"44":{"start":{"line":45,"column":0},"end":{"line":45,"column":57}},"45":{"start":{"line":46,"column":0},"end":{"line":46,"column":5}},"46":{"start":{"line":47,"column":0},"end":{"line":47,"column":4}},"48":{"start":{"line":49,"column":0},"end":{"line":49,"column":10}},"49":{"start":{"line":50,"column":0},"end":{"line":50,"column":9}},"50":{"start":{"line":51,"column":0},"end":{"line":51,"column":82}},"51":{"start":{"line":52,"column":0},"end":{"line":52,"column":33}},"53":{"start":{"line":54,"column":0},"end":{"line":54,"column":38}},"54":{"start":{"line":55,"column":0},"end":{"line":55,"column":91}},"55":{"start":{"line":56,"column":0},"end":{"line":56,"column":29}},"56":{"start":{"line":57,"column":0},"end":{"line":57,"column":63}},"57":{"start":{"line":58,"column":0},"end":{"line":58,"column":11}},"58":{"start":{"line":59,"column":0},"end":{"line":59,"column":15}},"60":{"start":{"line":61,"column":0},"end":{"line":61,"column":32}},"61":{"start":{"line":62,"column":0},"end":{"line":62,"column":56}},"62":{"start":{"line":63,"column":0},"end":{"line":63,"column":15}},"63":{"start":{"line":64,"column":0},"end":{"line":64,"column":14}},"64":{"start":{"line":65,"column":0},"end":{"line":65,"column":30}},"65":{"start":{"line":66,"column":0},"end":{"line":66,"column":37}},"66":{"start":{"line":67,"column":0},"end":{"line":67,"column":41}},"67":{"start":{"line":68,"column":0},"end":{"line":68,"column":38}},"68":{"start":{"line":69,"column":0},"end":{"line":69,"column":33}},"69":{"start":{"line":70,"column":0},"end":{"line":70,"column":15}},"70":{"start":{"line":71,"column":0},"end":{"line":71,"column":16}},"71":{"start":{"line":72,"column":0},"end":{"line":72,"column":15}},"72":{"start":{"line":73,"column":0},"end":{"line":73,"column":40}},"73":{"start":{"line":74,"column":0},"end":{"line":74,"column":32}},"74":{"start":{"line":75,"column":0},"end":{"line":75,"column":34}},"75":{"start":{"line":76,"column":0},"end":{"line":76,"column":41}},"76":{"start":{"line":77,"column":0},"end":{"line":77,"column":43}},"77":{"start":{"line":78,"column":0},"end":{"line":78,"column":18}},"78":{"start":{"line":79,"column":0},"end":{"line":79,"column":22}},"79":{"start":{"line":80,"column":0},"end":{"line":80,"column":31}},"80":{"start":{"line":81,"column":0},"end":{"line":81,"column":45}},"81":{"start":{"line":82,"column":0},"end":{"line":82,"column":54}},"82":{"start":{"line":83,"column":0},"end":{"line":83,"column":34}},"83":{"start":{"line":84,"column":0},"end":{"line":84,"column":69}},"85":{"start":{"line":86,"column":0},"end":{"line":86,"column":25}},"86":{"start":{"line":87,"column":0},"end":{"line":87,"column":18}},"87":{"start":{"line":88,"column":0},"end":{"line":88,"column":19}},"88":{"start":{"line":89,"column":0},"end":{"line":89,"column":18}},"89":{"start":{"line":90,"column":0},"end":{"line":90,"column":23}},"90":{"start":{"line":91,"column":0},"end":{"line":91,"column":31}},"91":{"start":{"line":92,"column":0},"end":{"line":92,"column":58}},"92":{"start":{"line":93,"column":0},"end":{"line":93,"column":28}},"93":{"start":{"line":94,"column":0},"end":{"line":94,"column":74}},"95":{"start":{"line":96,"column":0},"end":{"line":96,"column":17}},"97":{"start":{"line":98,"column":0},"end":{"line":98,"column":25}},"98":{"start":{"line":99,"column":0},"end":{"line":99,"column":19}},"99":{"start":{"line":100,"column":0},"end":{"line":100,"column":17}},"100":{"start":{"line":101,"column":0},"end":{"line":101,"column":13}},"101":{"start":{"line":102,"column":0},"end":{"line":102,"column":16}},"102":{"start":{"line":103,"column":0},"end":{"line":103,"column":14}},"104":{"start":{"line":105,"column":0},"end":{"line":105,"column":30}},"105":{"start":{"line":106,"column":0},"end":{"line":106,"column":56}},"106":{"start":{"line":107,"column":0},"end":{"line":107,"column":15}},"107":{"start":{"line":108,"column":0},"end":{"line":108,"column":14}},"108":{"start":{"line":109,"column":0},"end":{"line":109,"column":25}},"109":{"start":{"line":110,"column":0},"end":{"line":110,"column":41}},"110":{"start":{"line":111,"column":0},"end":{"line":111,"column":38}},"111":{"start":{"line":112,"column":0},"end":{"line":112,"column":15}},"112":{"start":{"line":113,"column":0},"end":{"line":113,"column":16}},"113":{"start":{"line":114,"column":0},"end":{"line":114,"column":15}},"114":{"start":{"line":115,"column":0},"end":{"line":115,"column":46}},"115":{"start":{"line":116,"column":0},"end":{"line":116,"column":26}},"116":{"start":{"line":117,"column":0},"end":{"line":117,"column":34}},"117":{"start":{"line":118,"column":0},"end":{"line":118,"column":43}},"118":{"start":{"line":119,"column":0},"end":{"line":119,"column":40}},"119":{"start":{"line":120,"column":0},"end":{"line":120,"column":17}},"120":{"start":{"line":121,"column":0},"end":{"line":121,"column":13}},"121":{"start":{"line":122,"column":0},"end":{"line":122,"column":16}},"122":{"start":{"line":123,"column":0},"end":{"line":123,"column":14}},"123":{"start":{"line":124,"column":0},"end":{"line":124,"column":10}},"125":{"start":{"line":126,"column":0},"end":{"line":126,"column":1}},"127":{"start":{"line":128,"column":0},"end":{"line":128,"column":28}}},"s":{"0":1,"1":1,"14":4,"15":4,"16":4,"17":4,"18":4,"19":4,"20":4,"21":4,"22":4,"23":4,"25":4,"27":4,"28":1,"29":1,"31":4,"32":1,"33":1,"34":1,"35":1,"36":1,"37":1,"38":1,"39":1,"40":1,"41":1,"42":1,"43":1,"44":1,"45":1,"46":1,"48":4,"49":4,"50":4,"51":4,"53":4,"54":4,"55":4,"56":4,"57":4,"58":4,"60":4,"61":4,"62":4,"63":4,"64":4,"65":4,"66":4,"67":4,"68":4,"69":4,"70":4,"71":4,"72":4,"73":4,"74":4,"75":4,"76":4,"77":4,"78":4,"79":4,"80":4,"81":4,"82":4,"83":1,"85":4,"86":4,"87":4,"88":4,"89":4,"90":4,"91":4,"92":4,"93":4,"95":4,"97":4,"98":4,"99":4,"100":4,"101":4,"102":4,"104":4,"105":4,"106":4,"107":4,"108":4,"109":4,"110":4,"111":4,"112":4,"113":4,"114":4,"115":0,"116":0,"117":0,"118":0,"119":0,"120":4,"121":4,"122":4,"123":4,"125":4,"127":1},"branchMap":{"0":{"type":"branch","line":15,"loc":{"start":{"line":15,"column":0},"end":{"line":126,"column":1}},"locations":[{"start":{"line":15,"column":0},"end":{"line":126,"column":1}}]},"1":{"type":"branch","line":23,"loc":{"start":{"line":23,"column":103},"end":{"line":23,"column":112}},"locations":[{"start":{"line":23,"column":103},"end":{"line":23,"column":112}}]},"2":{"type":"branch","line":26,"loc":{"start":{"line":26,"column":37},"end":{"line":26,"column":83}},"locations":[{"start":{"line":26,"column":37},"end":{"line":26,"column":83}}]},"3":{"type":"branch","line":28,"loc":{"start":{"line":28,"column":33},"end":{"line":30,"column":4}},"locations":[{"start":{"line":28,"column":33},"end":{"line":30,"column":4}}]},"4":{"type":"branch","line":32,"loc":{"start":{"line":32,"column":29},"end":{"line":47,"column":4}},"locations":[{"start":{"line":32,"column":29},"end":{"line":47,"column":4}}]},"5":{"type":"branch","line":40,"loc":{"start":{"line":40,"column":25},"end":{"line":40,"column":62}},"locations":[{"start":{"line":40,"column":25},"end":{"line":40,"column":62}}]},"6":{"type":"branch","line":35,"loc":{"start":{"line":35,"column":28},"end":{"line":35,"column":55}},"locations":[{"start":{"line":35,"column":28},"end":{"line":35,"column":55}}]},"7":{"type":"branch","line":56,"loc":{"start":{"line":56,"column":23},"end":{"line":57,"column":63}},"locations":[{"start":{"line":56,"column":23},"end":{"line":57,"column":63}}]},"8":{"type":"branch","line":73,"loc":{"start":{"line":73,"column":29},"end":{"line":100,"column":17}},"locations":[{"start":{"line":73,"column":29},"end":{"line":100,"column":17}}]},"9":{"type":"branch","line":82,"loc":{"start":{"line":82,"column":46},"end":{"line":82,"column":54}},"locations":[{"start":{"line":82,"column":46},"end":{"line":82,"column":54}}]},"10":{"type":"branch","line":94,"loc":{"start":{"line":94,"column":42},"end":{"line":94,"column":74}},"locations":[{"start":{"line":94,"column":42},"end":{"line":94,"column":74}}]},"11":{"type":"branch","line":83,"loc":{"start":{"line":83,"column":28},"end":{"line":84,"column":69}},"locations":[{"start":{"line":83,"column":28},"end":{"line":84,"column":69}}]},"12":{"type":"branch","line":92,"loc":{"start":{"line":92,"column":27},"end":{"line":92,"column":58}},"locations":[{"start":{"line":92,"column":27},"end":{"line":92,"column":58}}]}},"b":{"0":[4],"1":[0],"2":[4],"3":[1],"4":[1],"5":[0],"6":[1],"7":[4],"8":[4],"9":[3],"10":[1],"11":[1],"12":[1]},"fnMap":{"0":{"name":"EngineerPage","decl":{"start":{"line":15,"column":0},"end":{"line":126,"column":1}},"loc":{"start":{"line":15,"column":0},"end":{"line":126,"column":1}},"line":15},"1":{"name":"handleActualTimeChange","decl":{"start":{"line":28,"column":33},"end":{"line":30,"column":4}},"loc":{"start":{"line":28,"column":33},"end":{"line":30,"column":4}},"line":28},"2":{"name":"handleCompleteTask","decl":{"start":{"line":32,"column":29},"end":{"line":47,"column":4}},"loc":{"start":{"line":32,"column":29},"end":{"line":47,"column":4}},"line":32},"3":{"name":"onClick","decl":{"start":{"line":51,"column":23},"end":{"line":51,"column":51}},"loc":{"start":{"line":51,"column":23},"end":{"line":51,"column":51}},"line":51},"4":{"name":"onChange","decl":{"start":{"line":55,"column":49},"end":{"line":55,"column":91}},"loc":{"start":{"line":55,"column":49},"end":{"line":55,"column":91}},"line":55},"5":{"name":"onChange","decl":{"start":{"line":83,"column":28},"end":{"line":84,"column":69}},"loc":{"start":{"line":83,"column":28},"end":{"line":84,"column":69}},"line":83},"6":{"name":"onClick","decl":{"start":{"line":92,"column":27},"end":{"line":92,"column":58}},"loc":{"start":{"line":92,"column":27},"end":{"line":92,"column":58}},"line":92}},"f":{"0":4,"1":1,"2":1,"3":0,"4":0,"5":1,"6":1}}
,"C:\\Users\\op902\\Perez_IndividualAssignment\\src\\pages\\ManagerPage.tsx": {"path":"C:\\Users\\op902\\Perez_IndividualAssignment\\src\\pages\\ManagerPage.tsx","all":false,"statementMap":{"0":{"start":{"line":1,"column":0},"end":{"line":1,"column":33}},"1":{"start":{"line":2,"column":0},"end":{"line":2,"column":47}},"13":{"start":{"line":14,"column":0},"end":{"line":14,"column":22}},"14":{"start":{"line":15,"column":0},"end":{"line":15,"column":12}},"15":{"start":{"line":16,"column":0},"end":{"line":16,"column":15}},"16":{"start":{"line":17,"column":0},"end":{"line":17,"column":8}},"17":{"start":{"line":18,"column":0},"end":{"line":18,"column":11}},"18":{"start":{"line":19,"column":0},"end":{"line":19,"column":17}},"19":{"start":{"line":20,"column":0},"end":{"line":20,"column":22}},"20":{"start":{"line":21,"column":0},"end":{"line":21,"column":53}},"21":{"start":{"line":22,"column":0},"end":{"line":22,"column":42}},"22":{"start":{"line":23,"column":0},"end":{"line":23,"column":13}},"23":{"start":{"line":24,"column":0},"end":{"line":24,"column":20}},"24":{"start":{"line":25,"column":0},"end":{"line":25,"column":21}},"25":{"start":{"line":26,"column":0},"end":{"line":26,"column":5}},"26":{"start":{"line":27,"column":0},"end":{"line":27,"column":59}},"27":{"start":{"line":28,"column":0},"end":{"line":28,"column":67}},"28":{"start":{"line":29,"column":0},"end":{"line":29,"column":33}},"31":{"start":{"line":32,"column":0},"end":{"line":32,"column":53}},"32":{"start":{"line":33,"column":0},"end":{"line":33,"column":23}},"33":{"start":{"line":34,"column":0},"end":{"line":34,"column":8}},"34":{"start":{"line":35,"column":0},"end":{"line":35,"column":27}},"35":{"start":{"line":36,"column":0},"end":{"line":36,"column":22}},"36":{"start":{"line":37,"column":0},"end":{"line":37,"column":86}},"37":{"start":{"line":38,"column":0},"end":{"line":38,"column":7}},"38":{"start":{"line":39,"column":0},"end":{"line":39,"column":7}},"39":{"start":{"line":40,"column":0},"end":{"line":40,"column":65}},"40":{"start":{"line":41,"column":0},"end":{"line":41,"column":5}},"41":{"start":{"line":42,"column":0},"end":{"line":42,"column":23}},"42":{"start":{"line":43,"column":0},"end":{"line":43,"column":4}},"43":{"start":{"line":44,"column":0},"end":{"line":44,"column":50}},"44":{"start":{"line":45,"column":0},"end":{"line":45,"column":59}},"45":{"start":{"line":46,"column":0},"end":{"line":46,"column":4}},"48":{"start":{"line":49,"column":0},"end":{"line":49,"column":49}},"49":{"start":{"line":50,"column":0},"end":{"line":50,"column":23}},"50":{"start":{"line":51,"column":0},"end":{"line":51,"column":75}},"51":{"start":{"line":52,"column":0},"end":{"line":52,"column":43}},"52":{"start":{"line":53,"column":0},"end":{"line":53,"column":5}},"53":{"start":{"line":54,"column":0},"end":{"line":54,"column":64}},"54":{"start":{"line":55,"column":0},"end":{"line":55,"column":4}},"55":{"start":{"line":56,"column":0},"end":{"line":56,"column":46}},"56":{"start":{"line":57,"column":0},"end":{"line":57,"column":51}},"57":{"start":{"line":58,"column":0},"end":{"line":58,"column":4}},"60":{"start":{"line":61,"column":0},"end":{"line":61,"column":52}},"61":{"start":{"line":62,"column":0},"end":{"line":62,"column":23}},"62":{"start":{"line":63,"column":0},"end":{"line":63,"column":13}},"63":{"start":{"line":64,"column":0},"end":{"line":64,"column":22}},"64":{"start":{"line":65,"column":0},"end":{"line":65,"column":78}},"65":{"start":{"line":66,"column":0},"end":{"line":66,"column":58}},"66":{"start":{"line":67,"column":0},"end":{"line":67,"column":13}},"67":{"start":{"line":68,"column":0},"end":{"line":68,"column":7}},"68":{"start":{"line":69,"column":0},"end":{"line":69,"column":6}},"69":{"start":{"line":70,"column":0},"end":{"line":70,"column":26}},"70":{"start":{"line":71,"column":0},"end":{"line":71,"column":30}},"71":{"start":{"line":72,"column":0},"end":{"line":72,"column":4}},"73":{"start":{"line":74,"column":0},"end":{"line":74,"column":10}},"74":{"start":{"line":75,"column":0},"end":{"line":75,"column":9}},"75":{"start":{"line":76,"column":0},"end":{"line":76,"column":52}},"77":{"start":{"line":78,"column":0},"end":{"line":78,"column":15}},"78":{"start":{"line":79,"column":0},"end":{"line":79,"column":32}},"81":{"start":{"line":82,"column":0},"end":{"line":82,"column":24}},"82":{"start":{"line":83,"column":0},"end":{"line":83,"column":41}},"83":{"start":{"line":84,"column":0},"end":{"line":84,"column":36}},"84":{"start":{"line":85,"column":0},"end":{"line":85,"column":14}},"85":{"start":{"line":86,"column":0},"end":{"line":86,"column":21}},"86":{"start":{"line":87,"column":0},"end":{"line":87,"column":37}},"87":{"start":{"line":88,"column":0},"end":{"line":88,"column":29}},"88":{"start":{"line":89,"column":0},"end":{"line":89,"column":58}},"89":{"start":{"line":90,"column":0},"end":{"line":90,"column":10}},"90":{"start":{"line":91,"column":0},"end":{"line":91,"column":42}},"91":{"start":{"line":92,"column":0},"end":{"line":92,"column":13}},"92":{"start":{"line":93,"column":0},"end":{"line":93,"column":56}},"93":{"start":{"line":94,"column":0},"end":{"line":94,"column":15}},"94":{"start":{"line":95,"column":0},"end":{"line":95,"column":14}},"95":{"start":{"line":96,"column":0},"end":{"line":96,"column":34}},"96":{"start":{"line":97,"column":0},"end":{"line":97,"column":27}},"97":{"start":{"line":98,"column":0},"end":{"line":98,"column":15}},"98":{"start":{"line":99,"column":0},"end":{"line":99,"column":16}},"99":{"start":{"line":100,"column":0},"end":{"line":100,"column":15}},"100":{"start":{"line":101,"column":0},"end":{"line":101,"column":33}},"101":{"start":{"line":102,"column":0},"end":{"line":102,"column":29}},"102":{"start":{"line":103,"column":0},"end":{"line":103,"column":31}},"103":{"start":{"line":104,"column":0},"end":{"line":104,"column":18}},"104":{"start":{"line":105,"column":0},"end":{"line":105,"column":23}},"105":{"start":{"line":106,"column":0},"end":{"line":106,"column":31}},"106":{"start":{"line":107,"column":0},"end":{"line":107,"column":62}},"107":{"start":{"line":108,"column":0},"end":{"line":108,"column":17}},"109":{"start":{"line":110,"column":0},"end":{"line":110,"column":25}},"110":{"start":{"line":111,"column":0},"end":{"line":111,"column":19}},"111":{"start":{"line":112,"column":0},"end":{"line":112,"column":17}},"112":{"start":{"line":113,"column":0},"end":{"line":113,"column":13}},"113":{"start":{"line":114,"column":0},"end":{"line":114,"column":16}},"114":{"start":{"line":115,"column":0},"end":{"line":115,"column":14}},"117":{"start":{"line":118,"column":0},"end":{"line":118,"column":20}},"118":{"start":{"line":119,"column":0},"end":{"line":119,"column":37}},"119":{"start":{"line":120,"column":0},"end":{"line":120,"column":32}},"120":{"start":{"line":121,"column":0},"end":{"line":121,"column":14}},"121":{"start":{"line":122,"column":0},"end":{"line":122,"column":21}},"122":{"start":{"line":123,"column":0},"end":{"line":123,"column":33}},"123":{"start":{"line":124,"column":0},"end":{"line":124,"column":30}},"124":{"start":{"line":125,"column":0},"end":{"line":125,"column":76}},"125":{"start":{"line":126,"column":0},"end":{"line":126,"column":10}},"126":{"start":{"line":127,"column":0},"end":{"line":127,"column":14}},"127":{"start":{"line":128,"column":0},"end":{"line":128,"column":21}},"128":{"start":{"line":129,"column":0},"end":{"line":129,"column":40}},"129":{"start":{"line":130,"column":0},"end":{"line":130,"column":37}},"130":{"start":{"line":131,"column":0},"end":{"line":131,"column":26}},"131":{"start":{"line":132,"column":0},"end":{"line":132,"column":67}},"133":{"start":{"line":134,"column":0},"end":{"line":134,"column":10}},"134":{"start":{"line":135,"column":0},"end":{"line":135,"column":14}},"135":{"start":{"line":136,"column":0},"end":{"line":136,"column":23}},"136":{"start":{"line":137,"column":0},"end":{"line":137,"column":48}},"137":{"start":{"line":138,"column":0},"end":{"line":138,"column":45}},"138":{"start":{"line":139,"column":0},"end":{"line":139,"column":26}},"139":{"start":{"line":140,"column":0},"end":{"line":140,"column":77}},"141":{"start":{"line":142,"column":0},"end":{"line":142,"column":10}},"142":{"start":{"line":143,"column":0},"end":{"line":143,"column":42}},"143":{"start":{"line":144,"column":0},"end":{"line":144,"column":13}},"144":{"start":{"line":145,"column":0},"end":{"line":145,"column":56}},"145":{"start":{"line":146,"column":0},"end":{"line":146,"column":15}},"146":{"start":{"line":147,"column":0},"end":{"line":147,"column":14}},"147":{"start":{"line":148,"column":0},"end":{"line":148,"column":30}},"148":{"start":{"line":149,"column":0},"end":{"line":149,"column":37}},"149":{"start":{"line":150,"column":0},"end":{"line":150,"column":41}},"150":{"start":{"line":151,"column":0},"end":{"line":151,"column":38}},"151":{"start":{"line":152,"column":0},"end":{"line":152,"column":25}},"152":{"start":{"line":153,"column":0},"end":{"line":153,"column":15}},"153":{"start":{"line":154,"column":0},"end":{"line":154,"column":16}},"154":{"start":{"line":155,"column":0},"end":{"line":155,"column":15}},"155":{"start":{"line":156,"column":0},"end":{"line":156,"column":29}},"156":{"start":{"line":157,"column":0},"end":{"line":157,"column":29}},"157":{"start":{"line":158,"column":0},"end":{"line":158,"column":31}},"158":{"start":{"line":159,"column":0},"end":{"line":159,"column":38}},"159":{"start":{"line":160,"column":0},"end":{"line":160,"column":40}},"160":{"start":{"line":161,"column":0},"end":{"line":161,"column":49}},"161":{"start":{"line":162,"column":0},"end":{"line":162,"column":18}},"162":{"start":{"line":163,"column":0},"end":{"line":163,"column":23}},"163":{"start":{"line":164,"column":0},"end":{"line":164,"column":31}},"164":{"start":{"line":165,"column":0},"end":{"line":165,"column":49}},"165":{"start":{"line":166,"column":0},"end":{"line":166,"column":58}},"166":{"start":{"line":167,"column":0},"end":{"line":167,"column":17}},"168":{"start":{"line":169,"column":0},"end":{"line":169,"column":25}},"169":{"start":{"line":170,"column":0},"end":{"line":170,"column":19}},"170":{"start":{"line":171,"column":0},"end":{"line":171,"column":17}},"171":{"start":{"line":172,"column":0},"end":{"line":172,"column":13}},"172":{"start":{"line":173,"column":0},"end":{"line":173,"column":16}},"173":{"start":{"line":174,"column":0},"end":{"line":174,"column":14}},"176":{"start":{"line":177,"column":0},"end":{"line":177,"column":40}},"177":{"start":{"line":178,"column":0},"end":{"line":178,"column":35}},"178":{"start":{"line":179,"column":0},"end":{"line":179,"column":15}},"179":{"start":{"line":180,"column":0},"end":{"line":180,"column":32}},"180":{"start":{"line":181,"column":0},"end":{"line":181,"column":61}},"182":{"start":{"line":183,"column":0},"end":{"line":183,"column":49}},"183":{"start":{"line":184,"column":0},"end":{"line":184,"column":16}},"184":{"start":{"line":185,"column":0},"end":{"line":185,"column":47}},"185":{"start":{"line":186,"column":0},"end":{"line":186,"column":25}},"186":{"start":{"line":187,"column":0},"end":{"line":187,"column":50}},"187":{"start":{"line":188,"column":0},"end":{"line":188,"column":24}},"188":{"start":{"line":189,"column":0},"end":{"line":189,"column":23}},"189":{"start":{"line":190,"column":0},"end":{"line":190,"column":15}},"190":{"start":{"line":191,"column":0},"end":{"line":191,"column":17}},"191":{"start":{"line":192,"column":0},"end":{"line":192,"column":27}},"192":{"start":{"line":193,"column":0},"end":{"line":193,"column":15}},"193":{"start":{"line":194,"column":0},"end":{"line":194,"column":36}},"194":{"start":{"line":195,"column":0},"end":{"line":195,"column":65}},"196":{"start":{"line":197,"column":0},"end":{"line":197,"column":53}},"197":{"start":{"line":198,"column":0},"end":{"line":198,"column":33}},"198":{"start":{"line":199,"column":0},"end":{"line":199,"column":48}},"199":{"start":{"line":200,"column":0},"end":{"line":200,"column":22}},"200":{"start":{"line":201,"column":0},"end":{"line":201,"column":21}},"201":{"start":{"line":202,"column":0},"end":{"line":202,"column":13}},"202":{"start":{"line":203,"column":0},"end":{"line":203,"column":17}},"203":{"start":{"line":204,"column":0},"end":{"line":204,"column":45}},"204":{"start":{"line":205,"column":0},"end":{"line":205,"column":13}},"207":{"start":{"line":208,"column":0},"end":{"line":208,"column":30}},"208":{"start":{"line":209,"column":0},"end":{"line":209,"column":56}},"209":{"start":{"line":210,"column":0},"end":{"line":210,"column":15}},"210":{"start":{"line":211,"column":0},"end":{"line":211,"column":14}},"211":{"start":{"line":212,"column":0},"end":{"line":212,"column":25}},"212":{"start":{"line":213,"column":0},"end":{"line":213,"column":29}},"213":{"start":{"line":214,"column":0},"end":{"line":214,"column":41}},"214":{"start":{"line":215,"column":0},"end":{"line":215,"column":38}},"215":{"start":{"line":216,"column":0},"end":{"line":216,"column":15}},"216":{"start":{"line":217,"column":0},"end":{"line":217,"column":16}},"217":{"start":{"line":218,"column":0},"end":{"line":218,"column":15}},"218":{"start":{"line":219,"column":0},"end":{"line":219,"column":48}},"219":{"start":{"line":220,"column":0},"end":{"line":220,"column":28}},"220":{"start":{"line":221,"column":0},"end":{"line":221,"column":34}},"221":{"start":{"line":222,"column":0},"end":{"line":222,"column":38}},"222":{"start":{"line":223,"column":0},"end":{"line":223,"column":43}},"223":{"start":{"line":224,"column":0},"end":{"line":224,"column":40}},"224":{"start":{"line":225,"column":0},"end":{"line":225,"column":17}},"225":{"start":{"line":226,"column":0},"end":{"line":226,"column":13}},"226":{"start":{"line":227,"column":0},"end":{"line":227,"column":16}},"227":{"start":{"line":228,"column":0},"end":{"line":228,"column":14}},"228":{"start":{"line":229,"column":0},"end":{"line":229,"column":10}},"230":{"start":{"line":231,"column":0},"end":{"line":231,"column":1}},"232":{"start":{"line":233,"column":0},"end":{"line":233,"column":27}}},"s":{"0":1,"1":1,"13":12,"14":12,"15":12,"16":12,"17":12,"18":12,"19":12,"20":12,"21":12,"22":12,"23":12,"24":12,"25":12,"26":12,"27":12,"28":12,"31":12,"32":2,"33":2,"34":2,"35":2,"36":2,"37":2,"38":2,"39":1,"40":1,"41":2,"42":2,"43":12,"44":1,"45":1,"48":12,"49":0,"50":0,"51":0,"52":0,"53":0,"54":0,"55":12,"56":0,"57":0,"60":12,"61":1,"62":1,"63":1,"64":1,"65":1,"66":0,"67":1,"68":1,"69":1,"70":1,"71":1,"73":12,"74":12,"75":12,"77":12,"78":12,"81":12,"82":12,"83":12,"84":12,"85":12,"86":12,"87":12,"88":12,"89":12,"90":12,"91":12,"92":12,"93":12,"94":12,"95":12,"96":12,"97":12,"98":12,"99":12,"100":12,"101":8,"102":8,"103":8,"104":8,"105":8,"106":8,"107":8,"109":8,"110":8,"111":8,"112":12,"113":12,"114":12,"117":12,"118":12,"119":12,"120":12,"121":12,"122":12,"123":12,"124":12,"125":12,"126":12,"127":12,"128":12,"129":12,"130":12,"131":0,"133":12,"134":12,"135":12,"136":12,"137":12,"138":12,"139":0,"141":12,"142":12,"143":12,"144":12,"145":12,"146":12,"147":12,"148":12,"149":12,"150":12,"151":12,"152":12,"153":12,"154":12,"155":12,"156":5,"157":5,"158":5,"159":5,"160":5,"161":5,"162":5,"163":5,"164":5,"165":5,"166":5,"168":5,"169":5,"170":5,"171":12,"172":12,"173":12,"176":12,"177":12,"178":12,"179":12,"180":12,"182":12,"183":12,"184":12,"185":12,"186":4,"187":4,"188":4,"189":12,"190":12,"191":12,"192":12,"193":12,"194":12,"196":12,"197":12,"198":8,"199":8,"200":8,"201":12,"202":12,"203":12,"204":12,"207":12,"208":12,"209":12,"210":12,"211":12,"212":12,"213":12,"214":12,"215":12,"216":12,"217":12,"218":12,"219":0,"220":0,"221":0,"222":0,"223":0,"224":0,"225":12,"226":12,"227":12,"228":12,"230":12,"232":1},"branchMap":{"0":{"type":"branch","line":14,"loc":{"start":{"line":14,"column":0},"end":{"line":231,"column":1}},"locations":[{"start":{"line":14,"column":0},"end":{"line":231,"column":1}}]},"1":{"type":"branch","line":32,"loc":{"start":{"line":32,"column":28},"end":{"line":43,"column":4}},"locations":[{"start":{"line":32,"column":28},"end":{"line":43,"column":4}}]},"2":{"type":"branch","line":39,"loc":{"start":{"line":39,"column":6},"end":{"line":41,"column":5}},"locations":[{"start":{"line":39,"column":6},"end":{"line":41,"column":5}}]},"3":{"type":"branch","line":37,"loc":{"start":{"line":37,"column":8},"end":{"line":37,"column":86}},"locations":[{"start":{"line":37,"column":8},"end":{"line":37,"column":86}}]},"4":{"type":"branch","line":44,"loc":{"start":{"line":44,"column":31},"end":{"line":46,"column":4}},"locations":[{"start":{"line":44,"column":31},"end":{"line":46,"column":4}}]},"5":{"type":"branch","line":45,"loc":{"start":{"line":45,"column":34},"end":{"line":45,"column":56}},"locations":[{"start":{"line":45,"column":34},"end":{"line":45,"column":56}}]},"6":{"type":"branch","line":61,"loc":{"start":{"line":61,"column":27},"end":{"line":72,"column":4}},"locations":[{"start":{"line":61,"column":27},"end":{"line":72,"column":4}}]},"7":{"type":"branch","line":64,"loc":{"start":{"line":64,"column":16},"end":{"line":67,"column":13}},"locations":[{"start":{"line":64,"column":16},"end":{"line":67,"column":13}}]},"8":{"type":"branch","line":66,"loc":{"start":{"line":66,"column":57},"end":{"line":67,"column":13}},"locations":[{"start":{"line":66,"column":57},"end":{"line":67,"column":13}}]},"9":{"type":"branch","line":89,"loc":{"start":{"line":89,"column":20},"end":{"line":89,"column":58}},"locations":[{"start":{"line":89,"column":20},"end":{"line":89,"column":58}}]},"10":{"type":"branch","line":101,"loc":{"start":{"line":101,"column":25},"end":{"line":112,"column":17}},"locations":[{"start":{"line":101,"column":25},"end":{"line":112,"column":17}}]},"11":{"type":"branch","line":107,"loc":{"start":{"line":107,"column":27},"end":{"line":107,"column":62}},"locations":[{"start":{"line":107,"column":27},"end":{"line":107,"column":62}}]},"12":{"type":"branch","line":156,"loc":{"start":{"line":156,"column":21},"end":{"line":171,"column":17}},"locations":[{"start":{"line":156,"column":21},"end":{"line":171,"column":17}}]},"13":{"type":"branch","line":161,"loc":{"start":{"line":161,"column":21},"end":{"line":161,"column":44}},"locations":[{"start":{"line":161,"column":21},"end":{"line":161,"column":44}}]},"14":{"type":"branch","line":181,"loc":{"start":{"line":181,"column":20},"end":{"line":181,"column":61}},"locations":[{"start":{"line":181,"column":20},"end":{"line":181,"column":61}}]},"15":{"type":"branch","line":185,"loc":{"start":{"line":185,"column":20},"end":{"line":185,"column":46}},"locations":[{"start":{"line":185,"column":20},"end":{"line":185,"column":46}}]},"16":{"type":"branch","line":186,"loc":{"start":{"line":186,"column":17},"end":{"line":189,"column":23}},"locations":[{"start":{"line":186,"column":17},"end":{"line":189,"column":23}}]},"17":{"type":"branch","line":195,"loc":{"start":{"line":195,"column":20},"end":{"line":195,"column":65}},"locations":[{"start":{"line":195,"column":20},"end":{"line":195,"column":65}}]},"18":{"type":"branch","line":198,"loc":{"start":{"line":198,"column":25},"end":{"line":201,"column":21}},"locations":[{"start":{"line":198,"column":25},"end":{"line":201,"column":21}}]}},"b":{"0":[12],"1":[2],"2":[1],"3":[1],"4":[1],"5":[1],"6":[1],"7":[1],"8":[0],"9":[2],"10":[8],"11":[1],"12":[5],"13":[4],"14":[1],"15":[5],"16":[4],"17":[1],"18":[8]},"fnMap":{"0":{"name":"ManagerPage","decl":{"start":{"line":14,"column":0},"end":{"line":231,"column":1}},"loc":{"start":{"line":14,"column":0},"end":{"line":231,"column":1}},"line":14},"1":{"name":"handleAddEngineer","decl":{"start":{"line":32,"column":28},"end":{"line":43,"column":4}},"loc":{"start":{"line":32,"column":28},"end":{"line":43,"column":4}},"line":32},"2":{"name":"handleRemoveEngineer","decl":{"start":{"line":44,"column":31},"end":{"line":46,"column":4}},"loc":{"start":{"line":44,"column":31},"end":{"line":46,"column":4}},"line":44},"3":{"name":"handleAddTask","decl":{"start":{"line":49,"column":24},"end":{"line":55,"column":4}},"loc":{"start":{"line":49,"column":24},"end":{"line":55,"column":4}},"line":49},"4":{"name":"handleRemoveTask","decl":{"start":{"line":56,"column":27},"end":{"line":58,"column":4}},"loc":{"start":{"line":56,"column":27},"end":{"line":58,"column":4}},"line":56},"5":{"name":"handleAssignTask","decl":{"start":{"line":61,"column":27},"end":{"line":72,"column":4}},"loc":{"start":{"line":61,"column":27},"end":{"line":72,"column":4}},"line":61},"6":{"name":"onClick","decl":{"start":{"line":76,"column":23},"end":{"line":76,"column":52}},"loc":{"start":{"line":76,"column":23},"end":{"line":76,"column":52}},"line":76},"7":{"name":"onChange","decl":{"start":{"line":89,"column":20},"end":{"line":89,"column":58}},"loc":{"start":{"line":89,"column":20},"end":{"line":89,"column":58}},"line":89},"8":{"name":"onClick","decl":{"start":{"line":107,"column":27},"end":{"line":107,"column":62}},"loc":{"start":{"line":107,"column":27},"end":{"line":107,"column":62}},"line":107},"9":{"name":"onChange","decl":{"start":{"line":125,"column":20},"end":{"line":125,"column":76}},"loc":{"start":{"line":125,"column":20},"end":{"line":125,"column":76}},"line":125},"10":{"name":"onChange","decl":{"start":{"line":131,"column":20},"end":{"line":132,"column":67}},"loc":{"start":{"line":131,"column":20},"end":{"line":132,"column":67}},"line":131},"11":{"name":"onChange","decl":{"start":{"line":139,"column":20},"end":{"line":140,"column":77}},"loc":{"start":{"line":139,"column":20},"end":{"line":140,"column":77}},"line":139},"12":{"name":"onClick","decl":{"start":{"line":166,"column":27},"end":{"line":166,"column":58}},"loc":{"start":{"line":166,"column":27},"end":{"line":166,"column":58}},"line":166},"13":{"name":"onChange","decl":{"start":{"line":181,"column":20},"end":{"line":181,"column":61}},"loc":{"start":{"line":181,"column":20},"end":{"line":181,"column":61}},"line":181},"14":{"name":"onChange","decl":{"start":{"line":195,"column":20},"end":{"line":195,"column":65}},"loc":{"start":{"line":195,"column":20},"end":{"line":195,"column":65}},"line":195}},"f":{"0":12,"1":2,"2":1,"3":0,"4":0,"5":1,"6":0,"7":2,"8":1,"9":0,"10":0,"11":0,"12":0,"13":1,"14":1}}
,"C:\\Users\\op902\\Perez_IndividualAssignment\\src\\types\\interfaces.ts": {"path":"C:\\Users\\op902\\Perez_IndividualAssignment\\src\\types\\interfaces.ts","all":true,"statementMap":{},"s":{},"branchMap":{"0":{"type":"branch","line":1,"loc":{"start":{"line":1,"column":324},"end":{"line":18,"column":1}},"locations":[{"start":{"line":1,"column":324},"end":{"line":18,"column":1}}]}},"b":{"0":[1]},"fnMap":{"0":{"name":"(empty-report)","decl":{"start":{"line":1,"column":324},"end":{"line":18,"column":1}},"loc":{"start":{"line":1,"column":324},"end":{"line":18,"column":1}},"line":1}},"f":{"0":1}}
}
